[debug] [2025-06-13T08:14:02.340Z] ----------------------------------------------------------------------
[debug] [2025-06-13T08:14:02.343Z] Command:       /nix/store/rbdrkcs5kkwpalxcd7c6bnm33lk2955n-nodejs-20.19.0/bin/node /nix/store/nh3zwzkz6wh6qa7bd2ywzr7irjij7j1i-firebase-tools-14.3.1/lib/node_modules/firebase-tools/lib/bin/firebase.js init
[debug] [2025-06-13T08:14:02.343Z] CLI Version:   14.3.1
[debug] [2025-06-13T08:14:02.344Z] Platform:      linux
[debug] [2025-06-13T08:14:02.344Z] Node Version:  v20.19.0
[debug] [2025-06-13T08:14:02.344Z] Time:          Fri Jun 13 2025 08:14:02 GMT+0000 (Coordinated Universal Time)
[debug] [2025-06-13T08:14:02.344Z] ----------------------------------------------------------------------
[debug] 
[debug] [2025-06-13T08:14:02.347Z] >>> [apiv2][query] GET https://firebase-public.firebaseio.com/cli.json [none]
[debug] [2025-06-13T08:14:02.399Z] > command requires scopes: ["email","openid","https://www.googleapis.com/auth/cloudplatformprojects.readonly","https://www.googleapis.com/auth/firebase","https://www.googleapis.com/auth/cloud-platform"]
[debug] [2025-06-13T08:14:02.653Z] <<< [apiv2][status] GET https://firebase-public.firebaseio.com/cli.json 200
[debug] [2025-06-13T08:14:02.655Z] <<< [apiv2][body] GET https://firebase-public.firebaseio.com/cli.json {"cloudBuildErrorAfter":1594252800000,"cloudBuildWarnAfter":1590019200000,"defaultNode10After":1594252800000,"minVersion":"3.0.5","node8DeploysDisabledAfter":1613390400000,"node8RuntimeDisabledAfter":1615809600000,"node8WarnAfter":1600128000000}
[debug] [2025-06-13T08:15:21.066Z] Running auto auth
[info] 
     ######## #### ########  ######## ########     ###     ######  ########
     ##        ##  ##     ## ##       ##     ##  ##   ##  ##       ##
     ######    ##  ########  ######   ########  #########  ######  ######
     ##        ##  ##    ##  ##       ##     ## ##     ##       ## ##
     ##       #### ##     ## ######## ########  ##     ##  ######  ########

You're about to initialize a Firebase project in this directory:

  /home/user/studio

[info] 
=== Project Setup
[info] 
[info] First, let's associate this project directory with a Firebase project.
[info] You can create multiple project aliases by running firebase use --add, 
[info] but for now we'll just set up a default project.
[info] 
[debug] [2025-06-13T08:17:24.791Z] No OAuth tokens found
[debug] [2025-06-13T08:17:24.793Z] >>> [apiv2][query] GET https://firebase.googleapis.com/v1beta1/projects pageSize=100
[debug] [2025-06-13T08:17:25.165Z] <<< [apiv2][status] GET https://firebase.googleapis.com/v1beta1/projects 200
[debug] [2025-06-13T08:17:25.167Z] <<< [apiv2][body] GET https://firebase.googleapis.com/v1beta1/projects [omitted]
[info] i  Using project myfundi-10db8 (MyFundi) 
[info] 
=== Dataconnect Setup
[debug] [2025-06-13T08:17:30.351Z] No OAuth tokens found
[debug] [2025-06-13T08:17:30.351Z] >>> [apiv2][query] GET https://cloudbilling.googleapis.com/v1/projects/myfundi-10db8/billingInfo [none]
[debug] [2025-06-13T08:17:30.654Z] <<< [apiv2][status] GET https://cloudbilling.googleapis.com/v1/projects/myfundi-10db8/billingInfo 200
[debug] [2025-06-13T08:17:30.655Z] <<< [apiv2][body] GET https://cloudbilling.googleapis.com/v1/projects/myfundi-10db8/billingInfo {"name":"projects/myfundi-10db8/billingInfo","projectId":"myfundi-10db8","billingAccountName":"billingAccounts/015620-926EDA-7144C5","billingEnabled":true}
[info] i  dataconnect: ensuring required API firebasedataconnect.googleapis.com is enabled... 
[debug] [2025-06-13T08:17:30.659Z] No OAuth tokens found
[debug] [2025-06-13T08:17:30.659Z] >>> [apiv2][query] GET https://serviceusage.googleapis.com/v1/projects/myfundi-10db8/services/firebasedataconnect.googleapis.com [none]
[debug] [2025-06-13T08:17:30.659Z] >>> [apiv2][(partial)header] GET https://serviceusage.googleapis.com/v1/projects/myfundi-10db8/services/firebasedataconnect.googleapis.com x-goog-quota-user=projects/myfundi-10db8
[debug] [2025-06-13T08:17:31.504Z] <<< [apiv2][status] GET https://serviceusage.googleapis.com/v1/projects/myfundi-10db8/services/firebasedataconnect.googleapis.com 200
[debug] [2025-06-13T08:17:31.505Z] <<< [apiv2][body] GET https://serviceusage.googleapis.com/v1/projects/myfundi-10db8/services/firebasedataconnect.googleapis.com [omitted]
[warn] ⚠  dataconnect: missing required API firebasedataconnect.googleapis.com. Enabling now... 
[debug] [2025-06-13T08:17:31.506Z] No OAuth tokens found
[debug] [2025-06-13T08:17:31.506Z] >>> [apiv2][query] POST https://serviceusage.googleapis.com/v1/projects/myfundi-10db8/services/firebasedataconnect.googleapis.com:enable [none]
[debug] [2025-06-13T08:17:31.507Z] >>> [apiv2][(partial)header] POST https://serviceusage.googleapis.com/v1/projects/myfundi-10db8/services/firebasedataconnect.googleapis.com:enable x-goog-quota-user=projects/myfundi-10db8
[debug] [2025-06-13T08:17:32.663Z] <<< [apiv2][status] POST https://serviceusage.googleapis.com/v1/projects/myfundi-10db8/services/firebasedataconnect.googleapis.com:enable 200
[debug] [2025-06-13T08:17:32.663Z] <<< [apiv2][body] POST https://serviceusage.googleapis.com/v1/projects/myfundi-10db8/services/firebasedataconnect.googleapis.com:enable [omitted]
[debug] [2025-06-13T08:17:42.670Z] No OAuth tokens found
[debug] [2025-06-13T08:17:42.671Z] >>> [apiv2][query] GET https://serviceusage.googleapis.com/v1/projects/myfundi-10db8/services/firebasedataconnect.googleapis.com [none]
[debug] [2025-06-13T08:17:42.674Z] >>> [apiv2][(partial)header] GET https://serviceusage.googleapis.com/v1/projects/myfundi-10db8/services/firebasedataconnect.googleapis.com x-goog-quota-user=projects/myfundi-10db8
[debug] [2025-06-13T08:17:43.007Z] <<< [apiv2][status] GET https://serviceusage.googleapis.com/v1/projects/myfundi-10db8/services/firebasedataconnect.googleapis.com 200
[debug] [2025-06-13T08:17:43.007Z] <<< [apiv2][body] GET https://serviceusage.googleapis.com/v1/projects/myfundi-10db8/services/firebasedataconnect.googleapis.com [omitted]
[info] ✔  dataconnect: required API firebasedataconnect.googleapis.com is enabled 
[info] i  dataconnect: ensuring required API sqladmin.googleapis.com is enabled... 
[debug] [2025-06-13T08:17:43.013Z] No OAuth tokens found
[debug] [2025-06-13T08:17:43.014Z] >>> [apiv2][query] GET https://serviceusage.googleapis.com/v1/projects/myfundi-10db8/services/sqladmin.googleapis.com [none]
[debug] [2025-06-13T08:17:43.014Z] >>> [apiv2][(partial)header] GET https://serviceusage.googleapis.com/v1/projects/myfundi-10db8/services/sqladmin.googleapis.com x-goog-quota-user=projects/myfundi-10db8
[debug] [2025-06-13T08:17:43.483Z] <<< [apiv2][status] GET https://serviceusage.googleapis.com/v1/projects/myfundi-10db8/services/sqladmin.googleapis.com 200
[debug] [2025-06-13T08:17:43.484Z] <<< [apiv2][body] GET https://serviceusage.googleapis.com/v1/projects/myfundi-10db8/services/sqladmin.googleapis.com [omitted]
[warn] ⚠  dataconnect: missing required API sqladmin.googleapis.com. Enabling now... 
[debug] [2025-06-13T08:17:43.485Z] No OAuth tokens found
[debug] [2025-06-13T08:17:43.486Z] >>> [apiv2][query] POST https://serviceusage.googleapis.com/v1/projects/myfundi-10db8/services/sqladmin.googleapis.com:enable [none]
[debug] [2025-06-13T08:17:43.487Z] >>> [apiv2][(partial)header] POST https://serviceusage.googleapis.com/v1/projects/myfundi-10db8/services/sqladmin.googleapis.com:enable x-goog-quota-user=projects/myfundi-10db8
[debug] [2025-06-13T08:17:44.310Z] <<< [apiv2][status] POST https://serviceusage.googleapis.com/v1/projects/myfundi-10db8/services/sqladmin.googleapis.com:enable 200
[debug] [2025-06-13T08:17:44.310Z] <<< [apiv2][body] POST https://serviceusage.googleapis.com/v1/projects/myfundi-10db8/services/sqladmin.googleapis.com:enable [omitted]
[debug] [2025-06-13T08:17:54.316Z] No OAuth tokens found
[debug] [2025-06-13T08:17:54.316Z] >>> [apiv2][query] GET https://serviceusage.googleapis.com/v1/projects/myfundi-10db8/services/sqladmin.googleapis.com [none]
[debug] [2025-06-13T08:17:54.316Z] >>> [apiv2][(partial)header] GET https://serviceusage.googleapis.com/v1/projects/myfundi-10db8/services/sqladmin.googleapis.com x-goog-quota-user=projects/myfundi-10db8
[debug] [2025-06-13T08:17:55.347Z] <<< [apiv2][status] GET https://serviceusage.googleapis.com/v1/projects/myfundi-10db8/services/sqladmin.googleapis.com 200
[debug] [2025-06-13T08:17:55.348Z] <<< [apiv2][body] GET https://serviceusage.googleapis.com/v1/projects/myfundi-10db8/services/sqladmin.googleapis.com [omitted]
[info] ✔  dataconnect: required API sqladmin.googleapis.com is enabled 
[info] i  dataconnect: ensuring required API compute.googleapis.com is enabled... 
[debug] [2025-06-13T08:17:55.349Z] No OAuth tokens found
[debug] [2025-06-13T08:17:55.351Z] >>> [apiv2][query] GET https://serviceusage.googleapis.com/v1/projects/myfundi-10db8/services/compute.googleapis.com [none]
[debug] [2025-06-13T08:17:55.351Z] >>> [apiv2][(partial)header] GET https://serviceusage.googleapis.com/v1/projects/myfundi-10db8/services/compute.googleapis.com x-goog-quota-user=projects/myfundi-10db8
[debug] [2025-06-13T08:17:56.313Z] <<< [apiv2][status] GET https://serviceusage.googleapis.com/v1/projects/myfundi-10db8/services/compute.googleapis.com 200
[debug] [2025-06-13T08:17:56.314Z] <<< [apiv2][body] GET https://serviceusage.googleapis.com/v1/projects/myfundi-10db8/services/compute.googleapis.com [omitted]
[warn] ⚠  dataconnect: missing required API compute.googleapis.com. Enabling now... 
[debug] [2025-06-13T08:17:56.314Z] No OAuth tokens found
[debug] [2025-06-13T08:17:56.315Z] >>> [apiv2][query] POST https://serviceusage.googleapis.com/v1/projects/myfundi-10db8/services/compute.googleapis.com:enable [none]
[debug] [2025-06-13T08:17:56.317Z] >>> [apiv2][(partial)header] POST https://serviceusage.googleapis.com/v1/projects/myfundi-10db8/services/compute.googleapis.com:enable x-goog-quota-user=projects/myfundi-10db8
[debug] [2025-06-13T08:17:57.636Z] <<< [apiv2][status] POST https://serviceusage.googleapis.com/v1/projects/myfundi-10db8/services/compute.googleapis.com:enable 200
[debug] [2025-06-13T08:17:57.636Z] <<< [apiv2][body] POST https://serviceusage.googleapis.com/v1/projects/myfundi-10db8/services/compute.googleapis.com:enable [omitted]
[debug] [2025-06-13T08:18:07.642Z] No OAuth tokens found
[debug] [2025-06-13T08:18:07.643Z] >>> [apiv2][query] GET https://serviceusage.googleapis.com/v1/projects/myfundi-10db8/services/compute.googleapis.com [none]
[debug] [2025-06-13T08:18:07.643Z] >>> [apiv2][(partial)header] GET https://serviceusage.googleapis.com/v1/projects/myfundi-10db8/services/compute.googleapis.com x-goog-quota-user=projects/myfundi-10db8
[debug] [2025-06-13T08:18:08.635Z] <<< [apiv2][status] GET https://serviceusage.googleapis.com/v1/projects/myfundi-10db8/services/compute.googleapis.com 200
[debug] [2025-06-13T08:18:08.635Z] <<< [apiv2][body] GET https://serviceusage.googleapis.com/v1/projects/myfundi-10db8/services/compute.googleapis.com [omitted]
[info] i  dataconnect: waiting for API compute.googleapis.com to activate... 
[debug] [2025-06-13T08:18:18.641Z] No OAuth tokens found
[debug] [2025-06-13T08:18:18.644Z] >>> [apiv2][query] GET https://serviceusage.googleapis.com/v1/projects/myfundi-10db8/services/compute.googleapis.com [none]
[debug] [2025-06-13T08:18:18.644Z] >>> [apiv2][(partial)header] GET https://serviceusage.googleapis.com/v1/projects/myfundi-10db8/services/compute.googleapis.com x-goog-quota-user=projects/myfundi-10db8
[debug] [2025-06-13T08:18:19.617Z] <<< [apiv2][status] GET https://serviceusage.googleapis.com/v1/projects/myfundi-10db8/services/compute.googleapis.com 200
[debug] [2025-06-13T08:18:19.617Z] <<< [apiv2][body] GET https://serviceusage.googleapis.com/v1/projects/myfundi-10db8/services/compute.googleapis.com [omitted]
[info] i  dataconnect: waiting for API compute.googleapis.com to activate... 
[debug] [2025-06-13T08:18:29.628Z] No OAuth tokens found
[debug] [2025-06-13T08:18:29.628Z] >>> [apiv2][query] GET https://serviceusage.googleapis.com/v1/projects/myfundi-10db8/services/compute.googleapis.com [none]
[debug] [2025-06-13T08:18:29.629Z] >>> [apiv2][(partial)header] GET https://serviceusage.googleapis.com/v1/projects/myfundi-10db8/services/compute.googleapis.com x-goog-quota-user=projects/myfundi-10db8
[debug] [2025-06-13T08:18:30.720Z] <<< [apiv2][status] GET https://serviceusage.googleapis.com/v1/projects/myfundi-10db8/services/compute.googleapis.com 200
[debug] [2025-06-13T08:18:30.720Z] <<< [apiv2][body] GET https://serviceusage.googleapis.com/v1/projects/myfundi-10db8/services/compute.googleapis.com [omitted]
[info] i  dataconnect: waiting for API compute.googleapis.com to activate... 
[debug] [2025-06-13T08:18:40.727Z] No OAuth tokens found
[debug] [2025-06-13T08:18:40.730Z] >>> [apiv2][query] GET https://serviceusage.googleapis.com/v1/projects/myfundi-10db8/services/compute.googleapis.com [none]
[debug] [2025-06-13T08:18:40.731Z] >>> [apiv2][(partial)header] GET https://serviceusage.googleapis.com/v1/projects/myfundi-10db8/services/compute.googleapis.com x-goog-quota-user=projects/myfundi-10db8
[debug] [2025-06-13T08:18:41.753Z] <<< [apiv2][status] GET https://serviceusage.googleapis.com/v1/projects/myfundi-10db8/services/compute.googleapis.com 200
[debug] [2025-06-13T08:18:41.754Z] <<< [apiv2][body] GET https://serviceusage.googleapis.com/v1/projects/myfundi-10db8/services/compute.googleapis.com [omitted]
[info] i  dataconnect: waiting for API compute.googleapis.com to activate... 
[debug] [2025-06-13T08:18:51.757Z] No OAuth tokens found
[debug] [2025-06-13T08:18:51.757Z] >>> [apiv2][query] GET https://serviceusage.googleapis.com/v1/projects/myfundi-10db8/services/compute.googleapis.com [none]
[debug] [2025-06-13T08:18:51.757Z] >>> [apiv2][(partial)header] GET https://serviceusage.googleapis.com/v1/projects/myfundi-10db8/services/compute.googleapis.com x-goog-quota-user=projects/myfundi-10db8
[debug] [2025-06-13T08:18:52.759Z] <<< [apiv2][status] GET https://serviceusage.googleapis.com/v1/projects/myfundi-10db8/services/compute.googleapis.com 200
[debug] [2025-06-13T08:18:52.759Z] <<< [apiv2][body] GET https://serviceusage.googleapis.com/v1/projects/myfundi-10db8/services/compute.googleapis.com [omitted]
[info] i  dataconnect: waiting for API compute.googleapis.com to activate... 
[debug] [2025-06-13T08:19:02.765Z] No OAuth tokens found
[debug] [2025-06-13T08:19:02.767Z] >>> [apiv2][query] GET https://serviceusage.googleapis.com/v1/projects/myfundi-10db8/services/compute.googleapis.com [none]
[debug] [2025-06-13T08:19:02.767Z] >>> [apiv2][(partial)header] GET https://serviceusage.googleapis.com/v1/projects/myfundi-10db8/services/compute.googleapis.com x-goog-quota-user=projects/myfundi-10db8
[debug] [2025-06-13T08:19:03.744Z] <<< [apiv2][status] GET https://serviceusage.googleapis.com/v1/projects/myfundi-10db8/services/compute.googleapis.com 200
[debug] [2025-06-13T08:19:03.744Z] <<< [apiv2][body] GET https://serviceusage.googleapis.com/v1/projects/myfundi-10db8/services/compute.googleapis.com [omitted]
[info] ✔  dataconnect: required API compute.googleapis.com is enabled 
[debug] [2025-06-13T08:19:03.746Z] No OAuth tokens found
[debug] [2025-06-13T08:19:03.746Z] >>> [apiv2][query] GET https://firebasedataconnect.googleapis.com/v1/projects/myfundi-10db8/locations/-/services [none]
[debug] [2025-06-13T08:19:04.772Z] <<< [apiv2][status] GET https://firebasedataconnect.googleapis.com/v1/projects/myfundi-10db8/locations/-/services 200
[debug] [2025-06-13T08:19:04.775Z] <<< [apiv2][body] GET https://firebasedataconnect.googleapis.com/v1/projects/myfundi-10db8/locations/-/services {}
[debug] [2025-06-13T08:19:45.173Z] No OAuth tokens found
[debug] [2025-06-13T08:19:45.175Z] >>> [apiv2][query] GET https://sqladmin.googleapis.com/v1/projects/myfundi-10db8/instances [none]
[debug] [2025-06-13T08:19:45.614Z] <<< [apiv2][status] GET https://sqladmin.googleapis.com/v1/projects/myfundi-10db8/instances 200
[debug] [2025-06-13T08:19:45.614Z] <<< [apiv2][body] GET https://sqladmin.googleapis.com/v1/projects/myfundi-10db8/instances {}
[debug] [2025-06-13T08:20:03.980Z] No OAuth tokens found
[debug] [2025-06-13T08:20:03.980Z] >>> [apiv2][query] GET https://firebasedataconnect.googleapis.com/v1/projects/myfundi-10db8/locations [none]
[debug] [2025-06-13T08:20:04.741Z] <<< [apiv2][status] GET https://firebasedataconnect.googleapis.com/v1/projects/myfundi-10db8/locations 200
[debug] [2025-06-13T08:20:04.741Z] <<< [apiv2][body] GET https://firebasedataconnect.googleapis.com/v1/projects/myfundi-10db8/locations {"locations":[{"name":"projects/myfundi-10db8/locations/asia-east1","locationId":"asia-east1","displayName":"Taiwan"},{"name":"projects/myfundi-10db8/locations/asia-east2","locationId":"asia-east2","displayName":"Hong Kong"},{"name":"projects/myfundi-10db8/locations/asia-northeast1","locationId":"asia-northeast1","displayName":"Tokyo"},{"name":"projects/myfundi-10db8/locations/asia-northeast2","locationId":"asia-northeast2","displayName":"Osaka"},{"name":"projects/myfundi-10db8/locations/asia-northeast3","locationId":"asia-northeast3","displayName":"Seoul"},{"name":"projects/myfundi-10db8/locations/asia-south1","locationId":"asia-south1","displayName":"Mumbai"},{"name":"projects/myfundi-10db8/locations/asia-southeast1","locationId":"asia-southeast1","displayName":"Singapore"},{"name":"projects/myfundi-10db8/locations/asia-southeast2","locationId":"asia-southeast2","displayName":"Jakarta"},{"name":"projects/myfundi-10db8/locations/australia-southeast1","locationId":"australia-southeast1","displayName":"Sydney"},{"name":"projects/myfundi-10db8/locations/australia-southeast2","locationId":"australia-southeast2","displayName":"Melbourne"},{"name":"projects/myfundi-10db8/locations/europe-central2","locationId":"europe-central2","displayName":"Warsaw"},{"name":"projects/myfundi-10db8/locations/europe-north1","locationId":"europe-north1","displayName":"Finland"},{"name":"projects/myfundi-10db8/locations/europe-southwest1","locationId":"europe-southwest1","displayName":"Madrid"},{"name":"projects/myfundi-10db8/locations/europe-west1","locationId":"europe-west1","displayName":"Belgium"},{"name":"projects/myfundi-10db8/locations/europe-west2","locationId":"europe-west2","displayName":"London"},{"name":"projects/myfundi-10db8/locations/europe-west3","locationId":"europe-west3","displayName":"Frankfurt"},{"name":"projects/myfundi-10db8/locations/europe-west4","locationId":"europe-west4","displayName":"Netherlands"},{"name":"projects/myfundi-10db8/locations/europe-west6","locationId":"europe-west6","displayName":"Zurich"},{"name":"projects/myfundi-10db8/locations/europe-west8","locationId":"europe-west8","displayName":"Milan"},{"name":"projects/myfundi-10db8/locations/europe-west9","locationId":"europe-west9","displayName":"Paris"},{"name":"projects/myfundi-10db8/locations/me-west1","locationId":"me-west1","displayName":"Tel Aviv"},{"name":"projects/myfundi-10db8/locations/northamerica-northeast1","locationId":"northamerica-northeast1","displayName":"Montréal"},{"name":"projects/myfundi-10db8/locations/northamerica-northeast2","locationId":"northamerica-northeast2","displayName":"Toronto"},{"name":"projects/myfundi-10db8/locations/southamerica-east1","locationId":"southamerica-east1","displayName":"São Paulo"},{"name":"projects/myfundi-10db8/locations/southamerica-west1","locationId":"southamerica-west1","displayName":"Santiago"},{"name":"projects/myfundi-10db8/locations/us-central1","locationId":"us-central1","displayName":"Iowa"},{"name":"projects/myfundi-10db8/locations/us-east1","locationId":"us-east1","displayName":"South Carolina"},{"name":"projects/myfundi-10db8/locations/us-east4","locationId":"us-east4","displayName":"Northern Virginia"},{"name":"projects/myfundi-10db8/locations/us-south1","locationId":"us-south1","displayName":"Dallas"},{"name":"projects/myfundi-10db8/locations/us-west1","locationId":"us-west1","displayName":"Oregon"},{"name":"projects/myfundi-10db8/locations/us-west2","locationId":"us-west2","displayName":"Los Angeles"},{"name":"projects/myfundi-10db8/locations/us-west3","locationId":"us-west3","displayName":"Salt Lake City"},{"name":"projects/myfundi-10db8/locations/us-west4","locationId":"us-west4","displayName":"Las Vegas"}]}
[debug] [2025-06-13T08:20:22.982Z] No OAuth tokens found
[debug] [2025-06-13T08:20:22.982Z] >>> [apiv2][query] GET https://sqladmin.googleapis.com/v1/projects/myfundi-10db8/instances/myfundi108db/databases [none]
[debug] [2025-06-13T08:20:23.204Z] <<< [apiv2][status] GET https://sqladmin.googleapis.com/v1/projects/myfundi-10db8/instances/myfundi108db/databases 404
[debug] [2025-06-13T08:20:23.204Z] <<< [apiv2][body] GET https://sqladmin.googleapis.com/v1/projects/myfundi-10db8/instances/myfundi108db/databases {"error":{"code":404,"message":"Not Found","errors":[{"message":"Not Found","domain":"global","reason":"notFound"}]}}
[debug] [2025-06-13T08:20:23.205Z] [dataconnect] Cannot list databases during init: FirebaseError: Request to https://sqladmin.googleapis.com/v1/projects/myfundi-10db8/instances/myfundi108db/databases had HTTP Error: 404, Not Found
[info] ✔  Wrote dataconnect/dataconnect.yaml 
[info] ✔  Wrote dataconnect/schema/schema.gql 
[info] ✔  Wrote dataconnect/connector/connector.yaml 
[info] ✔  Wrote dataconnect/connector/queries.gql 
[info] ✔  Wrote dataconnect/connector/mutations.gql 
[debug] [2025-06-13T08:20:51.848Z] No OAuth tokens found
[debug] [2025-06-13T08:20:51.848Z] >>> [apiv2][query] GET https://sqladmin.googleapis.com/v1/projects/myfundi-10db8/instances/myfundi108db [none]
[debug] [2025-06-13T08:20:52.031Z] <<< [apiv2][status] GET https://sqladmin.googleapis.com/v1/projects/myfundi-10db8/instances/myfundi108db 404
[debug] [2025-06-13T08:20:52.031Z] <<< [apiv2][body] GET https://sqladmin.googleapis.com/v1/projects/myfundi-10db8/instances/myfundi108db {"error":{"code":404,"message":"The Cloud SQL instance does not exist.","errors":[{"message":"The Cloud SQL instance does not exist.","domain":"global","reason":"instanceDoesNotExist"}]}}
[warn] ⚠  dataconnect: Cloud SQL instances created via the Firebase CLI do not support customer managed encryption keys.
If you'd like to use a CMEK to encrypt your data, first create a CMEK encrypted instance (https://cloud.google.com/sql/docs/postgres/configure-cmek#createcmekinstance).
Then, edit your `dataconnect.yaml` file to use the encrypted instance and redeploy. 
[info] i  dataconnect: Checking Cloud SQL no cost trial eligibility... 
[debug] [2025-06-13T08:20:52.033Z] No OAuth tokens found
[debug] [2025-06-13T08:20:52.034Z] >>> [apiv2][query] GET https://monitoring.googleapis.com/v3/projects/myfundi-10db8/timeSeries/ filter=metric.type%3D%22serviceruntime.googleapis.com%2Fquota%2Fallocation%2Fusage%22+AND+metric.label.quota_metric+%3D+%22sqladmin.googleapis.com%2Ffdc_lifetime_free_trial_per_project%22&interval.endTime=2025-06-13T08%3A20%3A52.033Z&interval.startTime=2025-06-06T08%3A20%3A52.033Z
[debug] [2025-06-13T08:20:52.096Z] <<< [apiv2][status] GET https://monitoring.googleapis.com/v3/projects/myfundi-10db8/timeSeries/ 403
[debug] [2025-06-13T08:20:52.097Z] <<< [apiv2][body] GET https://monitoring.googleapis.com/v3/projects/myfundi-10db8/timeSeries/ {"error":{"code":403,"message":"Cloud Monitoring API has not been used in project 945553600981 before or it is disabled. Enable it by visiting https://console.developers.google.com/apis/api/monitoring.googleapis.com/overview?project=945553600981 then retry. If you enabled this API recently, wait a few minutes for the action to propagate to our systems and retry.","status":"PERMISSION_DENIED","details":[{"@type":"type.googleapis.com/google.rpc.ErrorInfo","reason":"SERVICE_DISABLED","domain":"googleapis.com","metadata":{"service":"monitoring.googleapis.com","containerInfo":"945553600981","serviceTitle":"Cloud Monitoring API","activationUrl":"https://console.developers.google.com/apis/api/monitoring.googleapis.com/overview?project=945553600981","consumer":"projects/945553600981"}},{"@type":"type.googleapis.com/google.rpc.LocalizedMessage","locale":"en-US","message":"Cloud Monitoring API has not been used in project 945553600981 before or it is disabled. Enable it by visiting https://console.developers.google.com/apis/api/monitoring.googleapis.com/overview?project=945553600981 then retry. If you enabled this API recently, wait a few minutes for the action to propagate to our systems and retry."},{"@type":"type.googleapis.com/google.rpc.Help","links":[{"description":"Google developers console API activation","url":"https://console.developers.google.com/apis/api/monitoring.googleapis.com/overview?project=945553600981"}]}]}}
[info] ✔  dataconnect: CloudSQL no cost trial available! 
[info] i  dataconnect:  
[debug] [2025-06-13T08:20:52.109Z] No OAuth tokens found
[debug] [2025-06-13T08:20:52.109Z] >>> [apiv2][query] POST https://sqladmin.googleapis.com/v1/projects/myfundi-10db8/instances [none]
[debug] [2025-06-13T08:20:52.109Z] >>> [apiv2][body] POST https://sqladmin.googleapis.com/v1/projects/myfundi-10db8/instances {"name":"myfundi108db","region":"us-east1","databaseVersion":"POSTGRES_15","settings":{"tier":"db-f1-micro","edition":"ENTERPRISE","ipConfiguration":{"authorizedNetworks":[]},"enableGoogleMlIntegration":false,"databaseFlags":[{"name":"cloudsql.iam_authentication","value":"on"}],"storageAutoResize":false,"userLabels":{"firebase-data-connect":"ft"},"insightsConfig":{"queryInsightsEnabled":true,"queryPlansPerMinute":5,"queryStringLength":1024}}}
[debug] [2025-06-13T08:20:54.209Z] <<< [apiv2][status] POST https://sqladmin.googleapis.com/v1/projects/myfundi-10db8/instances 200
[debug] [2025-06-13T08:20:54.209Z] <<< [apiv2][body] POST https://sqladmin.googleapis.com/v1/projects/myfundi-10db8/instances {"kind":"sql#operation","targetLink":"https://sqladmin.googleapis.com/v1/projects/myfundi-10db8/instances/myfundi108db","status":"PENDING","user":"storechampin@gmail.com","insertTime":"2025-06-13T08:20:54.141Z","operationType":"CREATE","name":"cb37f2a4-b935-4833-a7d8-f34f00000026","targetId":"myfundi108db","selfLink":"https://sqladmin.googleapis.com/v1/projects/myfundi-10db8/operations/cb37f2a4-b935-4833-a7d8-f34f00000026","targetProject":"myfundi-10db8"}
[info] i  dataconnect: Cloud SQL instance creation started - it should be ready shortly. Database and users will be created on your next deploy. 
[info] ✔  Detected WEB app in directory /home/user/studio 
[info] i  Detected react app. Enabling react generated SDKs. 
[info] i  Writing your new SDK configuration to /home/user/studio/dataconnect/connector/connector.yaml 
[info] ✔  Wrote dataconnect/connector/connector.yaml 
[info] i  dataconnect: downloading dataconnect-emulator-2.5.0... {"metadata":{"emulator":{"name":"dataconnect"},"message":"downloading dataconnect-emulator-2.5.0..."}}
[debug] [2025-06-13T08:22:38.529Z] >>> [apiv2][query] GET https://storage.googleapis.com/firemat-preview-drop/emulator/dataconnect-emulator-linux-v2.5.0 
[debug] [2025-06-13T08:22:38.759Z] <<< [apiv2][status] GET https://storage.googleapis.com/firemat-preview-drop/emulator/dataconnect-emulator-linux-v2.5.0 200
[debug] [2025-06-13T08:22:38.760Z] <<< [apiv2][body] GET https://storage.googleapis.com/firemat-preview-drop/emulator/dataconnect-emulator-linux-v2.5.0 [stream]
[debug] [2025-06-13T08:22:40.624Z] Error: EROFS: read-only file system, copyfile '/tmp/tmp-29657-fQXSNEVOGliR' -> '/nix/store/ahq6qc1vh6hq6wh77mhsr7lf5x4qljfc-emulators/dataconnect-emulator-2.5.0'
    at Object.copyFileSync (node:fs:3035:11)
    at copyFile (/nix/store/nh3zwzkz6wh6qa7bd2ywzr7irjij7j1i-firebase-tools-14.3.1/lib/node_modules/firebase-tools/node_modules/fs-extra/lib/copy/copy-sync.js:73:6)
    at onFile (/nix/store/nh3zwzkz6wh6qa7bd2ywzr7irjij7j1i-firebase-tools-14.3.1/lib/node_modules/firebase-tools/node_modules/fs-extra/lib/copy/copy-sync.js:59:25)
    at getStats (/nix/store/nh3zwzkz6wh6qa7bd2ywzr7irjij7j1i-firebase-tools-14.3.1/lib/node_modules/firebase-tools/node_modules/fs-extra/lib/copy/copy-sync.js:51:44)
    at handleFilterAndCopy (/nix/store/nh3zwzkz6wh6qa7bd2ywzr7irjij7j1i-firebase-tools-14.3.1/lib/node_modules/firebase-tools/node_modules/fs-extra/lib/copy/copy-sync.js:36:10)
    at Object.copySync (/nix/store/nh3zwzkz6wh6qa7bd2ywzr7irjij7j1i-firebase-tools-14.3.1/lib/node_modules/firebase-tools/node_modules/fs-extra/lib/copy/copy-sync.js:29:10)
    at downloadEmulator (/nix/store/nh3zwzkz6wh6qa7bd2ywzr7irjij7j1i-firebase-tools-14.3.1/lib/node_modules/firebase-tools/lib/emulator/download.js:30:8)
    at process.processTicksAndRejections (node:internal/process/task_queues:95:5)
    at async downloadIfNecessary (/nix/store/nh3zwzkz6wh6qa7bd2ywzr7irjij7j1i-firebase-tools-14.3.1/lib/node_modules/firebase-tools/lib/emulator/downloadableEmulators.js:449:9)
    at async DataConnectEmulator.generate (/nix/store/nh3zwzkz6wh6qa7bd2ywzr7irjij7j1i-firebase-tools-14.3.1/lib/node_modules/firebase-tools/lib/emulator/dataconnectEmulator.js:158:29)
[error] 
[error] Error: An unexpected error has occurred.
